TN:
SF:C:\Users\Steve_Revature\my_git_repos\Batch_Projects\BAM-Phoenix\BAMPhoenix\BAM\src\main\webapp\static\js\app.js
FN:2,(anonymous_1)
FNF:1
FNH:1
FNDA:44,(anonymous_1)
DA:1,1
DA:2,1
DA:3,44
DA:4,44
LF:4
LH:4
BRF:0
BRH:0
end_of_record
TN:
SF:C:\Users\Steve_Revature\my_git_repos\Batch_Projects\BAM-Phoenix\BAMPhoenix\BAM\src\main\webapp\static\js\service.js
FN:7,(anonymous_1)
FN:10,(anonymous_2)
FN:14,(anonymous_3)
FN:17,(anonymous_4)
FN:20,(anonymous_5)
FNF:5
FNH:5
FNDA:4,(anonymous_1)
FNDA:6,(anonymous_2)
FNDA:3,(anonymous_3)
FNDA:1,(anonymous_4)
FNDA:1,(anonymous_5)
DA:7,1
DA:8,4
DA:9,4
DA:10,4
DA:11,6
DA:14,4
DA:15,3
DA:17,4
DA:18,1
DA:20,4
DA:21,1
LF:11
LH:11
BRF:0
BRH:0
end_of_record
TN:
SF:C:\Users\Steve_Revature\my_git_repos\Batch_Projects\BAM-Phoenix\BAMPhoenix\BAM\src\main\webapp\static\controller\associateViewController.js
FN:1,(anonymous_1)
FN:23,(anonymous_2)
FN:25,(anonymous_3)
FNF:3
FNH:1
FNDA:1,(anonymous_1)
FNDA:0,(anonymous_2)
FNDA:0,(anonymous_3)
DA:1,1
DA:3,1
DA:5,1
DA:7,1
DA:8,1
DA:9,1
DA:13,0
DA:14,0
DA:15,0
DA:19,1
DA:24,0
DA:26,0
DA:27,0
LF:13
LH:7
BRDA:5,1,0,1
BRDA:5,1,1,0
BRF:2
BRH:1
end_of_record
TN:
SF:C:\Users\Steve_Revature\my_git_repos\Batch_Projects\BAM-Phoenix\BAMPhoenix\BAM\src\main\webapp\static\controller\batchEditController.js
FN:2,(anonymous_1)
FN:27,(anonymous_2)
FN:31,(anonymous_3)
FN:42,(anonymous_4)
FN:44,(anonymous_5)
FN:52,(anonymous_6)
FN:54,(anonymous_7)
FN:60,(anonymous_8)
FN:69,success
FN:74,error
FN:85,(anonymous_11)
FN:99,(anonymous_12)
FN:106,(anonymous_13)
FN:114,(anonymous_14)
FN:118,(anonymous_15)
FN:128,success
FN:132,(anonymous_17)
FN:146,error
FN:156,(anonymous_19)
FN:165,success
FN:169,(anonymous_21)
FN:183,error
FN:192,(anonymous_23)
FN:200,success
FN:206,(anonymous_25)
FN:214,error
FNF:26
FNH:1
FNDA:1,(anonymous_1)
FNDA:0,(anonymous_2)
FNDA:0,(anonymous_3)
FNDA:0,(anonymous_4)
FNDA:0,(anonymous_5)
FNDA:0,(anonymous_6)
FNDA:0,(anonymous_7)
FNDA:0,(anonymous_8)
FNDA:0,success
FNDA:0,error
FNDA:0,(anonymous_11)
FNDA:0,(anonymous_12)
FNDA:0,(anonymous_13)
FNDA:0,(anonymous_14)
FNDA:0,(anonymous_15)
FNDA:0,success
FNDA:0,(anonymous_17)
FNDA:0,error
FNDA:0,(anonymous_19)
FNDA:0,success
FNDA:0,(anonymous_21)
FNDA:0,error
FNDA:0,(anonymous_23)
FNDA:0,success
FNDA:0,(anonymous_25)
FNDA:0,error
DA:2,1
DA:4,1
DA:7,1
DA:8,1
DA:10,1
DA:11,1
DA:14,0
DA:15,0
DA:18,1
DA:21,0
DA:28,0
DA:29,0
DA:30,0
DA:32,0
DA:33,0
DA:36,0
DA:43,0
DA:45,0
DA:46,0
DA:49,0
DA:53,0
DA:55,0
DA:56,0
DA:60,1
DA:61,0
DA:70,0
DA:71,0
DA:72,0
DA:73,0
DA:75,0
DA:76,0
DA:77,0
DA:82,1
DA:86,0
DA:95,1
DA:99,1
DA:100,0
DA:106,1
DA:107,0
DA:110,1
DA:114,1
DA:115,0
DA:118,1
DA:121,0
DA:130,0
DA:132,0
DA:134,0
DA:135,0
DA:136,0
DA:140,0
DA:142,0
DA:144,0
DA:145,0
DA:147,0
DA:148,0
DA:156,1
DA:159,0
DA:167,0
DA:169,0
DA:172,0
DA:174,0
DA:175,0
DA:179,0
DA:181,0
DA:184,0
DA:185,0
DA:192,1
DA:194,0
DA:205,0
DA:206,0
DA:207,0
DA:209,0
DA:210,0
DA:213,0
DA:215,0
DA:216,0
LF:76
LH:17
BRDA:8,1,0,1
BRDA:8,1,1,0
BRDA:18,2,0,0
BRDA:18,2,1,1
BRDA:134,3,0,0
BRDA:134,3,1,0
BRDA:172,4,0,0
BRDA:172,4,1,0
BRDA:207,5,0,0
BRDA:207,5,1,0
BRF:10
BRH:2
end_of_record
TN:
SF:C:\Users\Steve_Revature\my_git_repos\Batch_Projects\BAM-Phoenix\BAMPhoenix\BAM\src\main\webapp\static\controller\batchesAllController.js
FN:2,formatDate
FN:10,(anonymous_2)
FN:13,(anonymous_3)
FN:20,success
FN:22,error
FN:28,(anonymous_6)
FN:34,success
FN:40,error
FN:46,(anonymous_9)
FN:55,success
FN:61,error
FNF:11
FNH:0
FNDA:0,formatDate
FNDA:0,(anonymous_2)
FNDA:0,(anonymous_3)
FNDA:0,success
FNDA:0,error
FNDA:0,(anonymous_6)
FNDA:0,success
FNDA:0,error
FNDA:0,(anonymous_9)
FNDA:0,success
FNDA:0,error
DA:1,1
DA:2,1
DA:3,0
DA:4,0
DA:5,0
DA:7,1
DA:8,1
DA:10,1
DA:12,0
DA:13,0
DA:15,0
DA:17,0
DA:21,0
DA:23,0
DA:27,0
DA:28,0
DA:30,0
DA:35,0
DA:36,0
DA:38,0
DA:41,0
DA:42,0
DA:46,0
DA:47,0
DA:48,0
DA:49,0
DA:56,0
DA:57,0
DA:58,0
DA:59,0
DA:62,0
DA:63,0
DA:64,0
DA:65,0
DA:69,0
LF:35
LH:5
BRF:0
BRH:0
end_of_record
TN:
SF:C:\Users\Steve_Revature\my_git_repos\Batch_Projects\BAM-Phoenix\BAMPhoenix\BAM\src\main\webapp\static\controller\batchesFutureController.js
FN:1,(anonymous_1)
FN:5,(anonymous_2)
FN:13,success
FN:21,error
FN:27,(anonymous_5)
FN:35,success
FN:41,error
FNF:7
FNH:0
FNDA:0,(anonymous_1)
FNDA:0,(anonymous_2)
FNDA:0,success
FNDA:0,error
FNDA:0,(anonymous_5)
FNDA:0,success
FNDA:0,error
DA:1,1
DA:3,0
DA:4,0
DA:5,0
DA:7,0
DA:8,0
DA:14,0
DA:15,0
DA:16,0
DA:17,0
DA:18,0
DA:20,0
DA:22,0
DA:23,0
DA:27,0
DA:28,0
DA:29,0
DA:36,0
DA:37,0
DA:38,0
DA:39,0
DA:42,0
DA:43,0
DA:44,0
DA:45,0
DA:49,0
LF:26
LH:1
BRF:0
BRH:0
end_of_record
TN:
SF:C:\Users\Steve_Revature\my_git_repos\Batch_Projects\BAM-Phoenix\BAMPhoenix\BAM\src\main\webapp\static\controller\batchesPastController.js
FN:1,(anonymous_1)
FN:6,(anonymous_2)
FN:17,success
FN:26,error
FN:32,(anonymous_5)
FN:41,success
FN:47,error
FNF:7
FNH:0
FNDA:0,(anonymous_1)
FNDA:0,(anonymous_2)
FNDA:0,success
FNDA:0,error
FNDA:0,(anonymous_5)
FNDA:0,success
FNDA:0,error
DA:1,1
DA:3,0
DA:4,0
DA:6,0
DA:10,0
DA:12,0
DA:18,0
DA:19,0
DA:20,0
DA:21,0
DA:22,0
DA:24,0
DA:27,0
DA:28,0
DA:32,0
DA:33,0
DA:34,0
DA:35,0
DA:42,0
DA:43,0
DA:44,0
DA:45,0
DA:48,0
DA:49,0
DA:50,0
DA:51,0
DA:55,0
LF:27
LH:1
BRF:0
BRH:0
end_of_record
TN:
SF:C:\Users\Steve_Revature\my_git_repos\Batch_Projects\BAM-Phoenix\BAMPhoenix\BAM\src\main\webapp\static\controller\calendarController.js
FN:21,(anonymous_1)
FN:39,success
FN:75,(anonymous_3)
FN:76,(anonymous_4)
FN:86,(anonymous_5)
FN:97,(anonymous_6)
FN:98,(anonymous_7)
FN:109,(anonymous_8)
FN:119,(anonymous_9)
FN:129,(anonymous_10)
FN:149,(anonymous_11)
FN:170,(anonymous_12)
FN:181,(anonymous_13)
FN:185,(anonymous_14)
FN:190,(anonymous_15)
FN:196,(anonymous_16)
FN:222,(anonymous_17)
FN:225,(anonymous_18)
FN:227,(anonymous_19)
FN:242,(anonymous_20)
FN:244,(anonymous_21)
FN:251,(anonymous_22)
FN:262,(anonymous_23)
FN:293,(anonymous_24)
FN:294,(anonymous_25)
FN:308,(anonymous_26)
FN:314,(anonymous_27)
FN:323,(anonymous_28)
FN:326,(anonymous_29)
FN:330,(anonymous_30)
FN:379,(anonymous_31)
FN:382,(anonymous_32)
FN:395,(anonymous_33)
FN:400,successCallback
FN:439,(anonymous_35)
FN:472,(anonymous_36)
FN:478,successCallback
FN:479,errorCallback
FN:485,(anonymous_39)
FN:499,successCallback
FN:511,successCallback
FN:522,successCallback
FN:537,successCallback
FN:550,successCallback
FN:561,successCallback
FN:572,(anonymous_46)
FN:595,successCallback
FN:606,successCallback
FN:612,successCallback
FN:617,(anonymous_50)
FN:622,(anonymous_51)
FN:624,(anonymous_52)
FN:636,(anonymous_53)
FN:646,(anonymous_54)
FN:651,(anonymous_55)
FN:659,(anonymous_56)
FN:663,(anonymous_57)
FN:676,(anonymous_58)
FN:713,(anonymous_59)
FN:779,(anonymous_60)
FN:788,(anonymous_61)
FN:796,getOptions
FN:817,(anonymous_63)
FN:828,(anonymous_64)
FN:838,(anonymous_65)
FN:842,(anonymous_66)
FN:853,(anonymous_67)
FN:860,(anonymous_68)
FN:867,(anonymous_69)
FN:873,(anonymous_70)
FN:879,(anonymous_71)
FN:891,(anonymous_72)
FN:900,(anonymous_73)
FNF:73
FNH:20
FNDA:17,(anonymous_1)
FNDA:0,success
FNDA:0,(anonymous_3)
FNDA:0,(anonymous_4)
FNDA:0,(anonymous_5)
FNDA:0,(anonymous_6)
FNDA:0,(anonymous_7)
FNDA:1,(anonymous_8)
FNDA:1,(anonymous_9)
FNDA:1,(anonymous_10)
FNDA:1,(anonymous_11)
FNDA:11,(anonymous_12)
FNDA:2,(anonymous_13)
FNDA:8,(anonymous_14)
FNDA:2,(anonymous_15)
FNDA:5,(anonymous_16)
FNDA:4,(anonymous_17)
FNDA:16,(anonymous_18)
FNDA:52,(anonymous_19)
FNDA:16,(anonymous_20)
FNDA:50,(anonymous_21)
FNDA:50,(anonymous_22)
FNDA:8,(anonymous_23)
FNDA:4,(anonymous_24)
FNDA:8,(anonymous_25)
FNDA:0,(anonymous_26)
FNDA:0,(anonymous_27)
FNDA:0,(anonymous_28)
FNDA:0,(anonymous_29)
FNDA:0,(anonymous_30)
FNDA:16,(anonymous_31)
FNDA:0,(anonymous_32)
FNDA:0,(anonymous_33)
FNDA:0,successCallback
FNDA:0,(anonymous_35)
FNDA:0,(anonymous_36)
FNDA:0,successCallback
FNDA:0,errorCallback
FNDA:0,(anonymous_39)
FNDA:0,successCallback
FNDA:0,successCallback
FNDA:0,successCallback
FNDA:0,successCallback
FNDA:0,successCallback
FNDA:0,successCallback
FNDA:0,(anonymous_46)
FNDA:0,successCallback
FNDA:0,successCallback
FNDA:0,successCallback
FNDA:0,(anonymous_50)
FNDA:0,(anonymous_51)
FNDA:0,(anonymous_52)
FNDA:0,(anonymous_53)
FNDA:0,(anonymous_54)
FNDA:0,(anonymous_55)
FNDA:0,(anonymous_56)
FNDA:0,(anonymous_57)
FNDA:0,(anonymous_58)
FNDA:0,(anonymous_59)
FNDA:0,(anonymous_60)
FNDA:0,(anonymous_61)
FNDA:0,getOptions
FNDA:0,(anonymous_63)
FNDA:0,(anonymous_64)
FNDA:0,(anonymous_65)
FNDA:0,(anonymous_66)
FNDA:0,(anonymous_67)
FNDA:0,(anonymous_68)
FNDA:0,(anonymous_69)
FNDA:0,(anonymous_70)
FNDA:0,(anonymous_71)
FNDA:0,(anonymous_72)
FNDA:0,(anonymous_73)
DA:14,1
DA:20,1
DA:23,17
DA:24,17
DA:26,1
DA:31,17
DA:33,17
DA:36,17
DA:40,0
DA:41,0
DA:44,17
DA:45,15
DA:46,15
DA:47,15
DA:48,15
DA:49,1
DA:50,1
DA:51,1
DA:52,1
DA:53,14
DA:54,14
DA:55,14
DA:56,14
DA:59,2
DA:60,0
DA:65,17
DA:66,17
DA:67,17
DA:68,17
DA:70,17
DA:73,17
DA:75,17
DA:76,0
DA:79,0
DA:80,0
DA:83,0
DA:84,0
DA:85,0
DA:87,0
DA:97,17
DA:98,0
DA:99,0
DA:100,0
DA:109,17
DA:110,1
DA:111,1
DA:119,17
DA:120,1
DA:121,1
DA:129,17
DA:131,1
DA:132,1
DA:133,1
DA:134,0
DA:136,1
DA:137,0
DA:138,0
DA:139,0
DA:140,0
DA:141,0
DA:146,17
DA:149,17
DA:150,1
DA:151,0
DA:154,1
DA:162,1
DA:165,17
DA:166,17
DA:170,17
DA:171,11
DA:172,11
DA:174,11
DA:175,8
DA:177,11
DA:181,17
DA:182,2
DA:186,8
DA:187,3
DA:188,5
DA:189,2
DA:191,2
DA:195,2
DA:197,5
DA:201,2
DA:203,8
DA:222,17
DA:223,4
DA:225,4
DA:226,16
DA:228,52
DA:229,52
DA:230,52
DA:231,52
DA:242,4
DA:243,16
DA:245,50
DA:246,50
DA:250,16
DA:252,50
DA:258,4
DA:262,4
DA:263,8
DA:264,8
DA:265,8
DA:266,8
DA:267,8
DA:268,2
DA:269,2
DA:270,2
DA:271,2
DA:275,2
DA:276,0
DA:278,2
DA:279,2
DA:283,8
DA:284,8
DA:285,4
DA:286,4
DA:287,2
DA:292,4
DA:294,4
DA:295,8
DA:296,8
DA:297,8
DA:305,4
DA:308,17
DA:309,0
DA:311,0
DA:312,0
DA:314,0
DA:315,0
DA:316,0
DA:320,0
DA:323,17
DA:324,0
DA:326,0
DA:329,0
DA:331,0
DA:332,0
DA:338,0
DA:339,0
DA:347,0
DA:351,17
DA:352,17
DA:354,17
DA:355,17
DA:357,17
DA:358,2
DA:359,1
DA:361,15
DA:362,15
DA:364,15
DA:365,0
DA:366,0
DA:367,0
DA:374,16
DA:375,16
DA:379,16
DA:382,16
DA:385,0
DA:387,0
DA:388,0
DA:389,0
DA:390,0
DA:394,0
DA:395,0
DA:396,0
DA:397,0
DA:401,0
DA:402,0
DA:403,0
DA:404,0
DA:405,0
DA:406,0
DA:407,0
DA:408,0
DA:409,0
DA:410,0
DA:411,0
DA:415,0
DA:416,0
DA:417,0
DA:418,0
DA:419,0
DA:420,0
DA:423,0
DA:424,0
DA:425,0
DA:426,0
DA:427,0
DA:428,0
DA:432,0
DA:435,0
DA:436,0
DA:437,0
DA:441,0
DA:442,0
DA:443,0
DA:451,16
DA:452,16
DA:453,16
DA:454,16
DA:458,16
DA:469,16
DA:472,16
DA:473,0
DA:474,0
DA:475,0
DA:480,0
DA:485,16
DA:486,0
DA:489,0
DA:491,0
DA:492,0
DA:493,0
DA:495,0
DA:503,0
DA:504,0
DA:505,0
DA:508,0
DA:516,0
DA:517,0
DA:519,0
DA:529,0
DA:530,0
DA:531,0
DA:533,0
DA:542,0
DA:543,0
DA:544,0
DA:547,0
DA:555,0
DA:556,0
DA:558,0
DA:572,16
DA:573,0
DA:575,0
DA:576,0
DA:577,0
DA:578,0
DA:580,0
DA:581,0
DA:582,0
DA:585,0
DA:588,0
DA:590,0
DA:592,0
DA:598,0
DA:600,0
DA:601,0
DA:603,0
DA:609,0
DA:617,16
DA:618,0
DA:622,16
DA:623,0
DA:624,0
DA:625,0
DA:626,0
DA:627,0
DA:630,0
DA:631,0
DA:636,16
DA:637,0
DA:646,16
DA:647,0
DA:651,16
DA:652,0
DA:653,0
DA:655,0
DA:659,16
DA:660,0
DA:663,16
DA:664,0
DA:665,0
DA:676,16
DA:677,0
DA:678,0
DA:679,0
DA:680,0
DA:681,0
DA:682,0
DA:683,0
DA:684,0
DA:686,0
DA:687,0
DA:688,0
DA:689,0
DA:690,0
DA:691,0
DA:693,0
DA:694,0
DA:695,0
DA:696,0
DA:697,0
DA:698,0
DA:700,0
DA:701,0
DA:702,0
DA:703,0
DA:704,0
DA:705,0
DA:708,0
DA:713,16
DA:714,0
DA:740,16
DA:742,16
DA:769,0
DA:774,16
DA:775,16
DA:781,0
DA:789,0
DA:790,0
DA:791,0
DA:792,0
DA:793,0
DA:794,0
DA:796,1
DA:797,0
DA:798,0
DA:799,0
DA:800,0
DA:801,0
DA:804,0
DA:806,0
DA:808,0
DA:809,0
DA:810,0
DA:811,0
DA:814,0
DA:817,0
DA:818,0
DA:819,0
DA:821,0
DA:822,0
DA:824,0
DA:828,0
DA:829,0
DA:830,0
DA:832,0
DA:833,0
DA:834,0
DA:838,0
DA:839,0
DA:842,0
DA:843,0
DA:844,0
DA:845,0
DA:846,0
DA:848,0
DA:849,0
DA:853,0
DA:854,0
DA:855,0
DA:856,0
DA:860,0
DA:861,0
DA:862,0
DA:863,0
DA:867,0
DA:868,0
DA:869,0
DA:873,0
DA:874,0
DA:875,0
DA:879,0
DA:880,0
DA:881,0
DA:882,0
DA:883,0
DA:884,0
DA:885,0
DA:890,0
DA:891,0
DA:892,0
DA:893,0
DA:896,0
DA:900,0
DA:901,0
DA:902,0
DA:903,0
DA:904,0
DA:905,0
LF:383
LH:143
BRDA:24,1,0,1
BRDA:24,1,1,16
BRDA:24,2,0,17
BRDA:24,2,1,16
BRDA:44,3,0,15
BRDA:44,3,1,2
BRDA:45,4,0,15
BRDA:45,4,1,0
BRDA:48,5,0,1
BRDA:48,5,1,14
BRDA:53,6,0,14
BRDA:53,6,1,0
BRDA:59,7,0,0
BRDA:59,7,1,2
BRDA:59,8,0,2
BRDA:59,8,1,0
BRDA:73,9,0,0
BRDA:73,9,1,17
BRDA:79,10,0,0
BRDA:79,10,1,0
BRDA:99,11,0,0
BRDA:99,11,1,0
BRDA:110,12,0,1
BRDA:110,12,1,0
BRDA:131,13,0,1
BRDA:131,13,1,0
BRDA:133,14,0,0
BRDA:133,14,1,1
BRDA:133,15,0,1
BRDA:133,15,1,1
BRDA:136,16,0,0
BRDA:136,16,1,1
BRDA:136,17,0,1
BRDA:136,17,1,0
BRDA:150,18,0,0
BRDA:150,18,1,1
BRDA:154,19,0,1
BRDA:154,19,1,1
BRDA:162,20,0,1
BRDA:162,20,1,1
BRDA:162,21,0,1
BRDA:162,21,1,0
BRDA:162,22,0,1
BRDA:162,22,1,0
BRDA:162,23,0,1
BRDA:162,23,1,1
BRDA:162,24,0,1
BRDA:162,24,1,1
BRDA:171,25,0,11
BRDA:171,25,1,7
BRDA:172,26,0,11
BRDA:172,26,1,8
BRDA:174,27,0,8
BRDA:174,27,1,3
BRDA:175,28,0,8
BRDA:175,28,1,4
BRDA:184,29,0,2
BRDA:184,29,1,1
BRDA:186,30,0,3
BRDA:186,30,1,5
BRDA:188,31,0,2
BRDA:188,31,1,3
BRDA:188,32,0,5
BRDA:188,32,1,5
BRDA:191,33,0,2
BRDA:191,33,1,2
BRDA:226,34,0,16
BRDA:226,34,1,0
BRDA:226,35,0,8
BRDA:226,35,1,8
BRDA:243,36,0,16
BRDA:243,36,1,0
BRDA:250,37,0,16
BRDA:250,37,1,0
BRDA:275,38,0,0
BRDA:275,38,1,2
BRDA:286,39,0,2
BRDA:286,39,1,2
BRDA:295,40,0,8
BRDA:295,40,1,8
BRDA:296,41,0,8
BRDA:296,41,1,0
BRDA:315,42,0,0
BRDA:315,42,1,0
BRDA:324,43,0,0
BRDA:324,43,1,0
BRDA:324,44,0,0
BRDA:324,44,1,0
BRDA:324,44,2,0
BRDA:357,45,0,2
BRDA:357,45,1,15
BRDA:361,46,0,15
BRDA:361,46,1,0
BRDA:361,47,0,15
BRDA:361,47,1,15
BRDA:361,47,2,15
BRDA:365,48,0,0
BRDA:365,48,1,0
BRDA:365,49,0,0
BRDA:365,49,1,0
BRDA:365,49,2,0
BRDA:387,50,0,0
BRDA:387,50,1,0
BRDA:415,51,0,0
BRDA:415,51,1,0
BRDA:417,52,0,0
BRDA:417,52,1,0
BRDA:417,53,0,0
BRDA:417,53,1,0
BRDA:417,53,2,0
BRDA:419,54,0,0
BRDA:419,54,1,0
BRDA:419,55,0,0
BRDA:419,55,1,0
BRDA:419,55,2,0
BRDA:419,55,3,0
BRDA:423,56,0,0
BRDA:423,56,1,0
BRDA:425,57,0,0
BRDA:425,57,1,0
BRDA:427,58,0,0
BRDA:427,58,1,0
BRDA:441,59,0,0
BRDA:441,59,1,0
BRDA:451,60,0,16
BRDA:451,60,1,0
BRDA:451,61,0,16
BRDA:451,61,1,16
BRDA:489,62,0,0
BRDA:489,62,1,0
BRDA:489,63,0,0
BRDA:489,63,1,0
BRDA:489,64,0,0
BRDA:489,64,1,0
BRDA:489,64,2,0
BRDA:491,65,0,0
BRDA:491,65,1,0
BRDA:503,66,0,0
BRDA:503,66,1,0
BRDA:529,67,0,0
BRDA:529,67,1,0
BRDA:542,68,0,0
BRDA:542,68,1,0
BRDA:578,69,0,0
BRDA:578,69,1,0
BRDA:578,70,0,0
BRDA:578,70,1,0
BRDA:585,71,0,0
BRDA:585,71,1,0
BRDA:585,72,0,0
BRDA:585,72,1,0
BRDA:585,72,2,0
BRDA:585,73,0,0
BRDA:585,73,1,0
BRDA:585,73,2,0
BRDA:598,74,0,0
BRDA:598,74,1,0
BRDA:598,75,0,0
BRDA:598,75,1,0
BRDA:598,75,2,0
BRDA:598,75,3,0
BRDA:598,75,4,0
BRDA:598,75,5,0
BRDA:625,76,0,0
BRDA:625,76,1,0
BRDA:630,77,0,0
BRDA:630,77,1,0
BRDA:664,78,0,0
BRDA:664,78,1,0
BRDA:679,79,0,0
BRDA:679,79,1,0
BRDA:683,80,0,0
BRDA:683,80,1,0
BRDA:683,81,0,0
BRDA:683,81,1,0
BRDA:686,82,0,0
BRDA:686,82,1,0
BRDA:686,83,0,0
BRDA:686,83,1,0
BRDA:686,83,2,0
BRDA:690,84,0,0
BRDA:690,84,1,0
BRDA:690,85,0,0
BRDA:690,85,1,0
BRDA:693,86,0,0
BRDA:693,86,1,0
BRDA:693,87,0,0
BRDA:693,87,1,0
BRDA:693,87,2,0
BRDA:697,88,0,0
BRDA:697,88,1,0
BRDA:697,89,0,0
BRDA:697,89,1,0
BRDA:700,90,0,0
BRDA:700,90,1,0
BRDA:700,91,0,0
BRDA:700,91,1,0
BRDA:704,92,0,0
BRDA:704,92,1,0
BRDA:704,93,0,0
BRDA:704,93,1,0
BRDA:740,94,0,16
BRDA:740,94,1,0
BRDA:740,95,0,16
BRDA:740,95,1,15
BRDA:797,96,0,0
BRDA:797,96,1,0
BRDA:810,97,0,0
BRDA:810,97,1,0
BRDA:818,98,0,0
BRDA:818,98,1,0
BRDA:818,99,0,0
BRDA:818,99,1,0
BRDA:821,100,0,0
BRDA:821,100,1,0
BRDA:829,101,0,0
BRDA:829,101,1,0
BRDA:833,102,0,0
BRDA:833,102,1,0
BRDA:843,103,0,0
BRDA:843,103,1,0
BRDA:843,104,0,0
BRDA:843,104,1,0
BRDA:845,105,0,0
BRDA:845,105,1,0
BRDA:854,106,0,0
BRDA:854,106,1,0
BRDA:854,107,0,0
BRDA:854,107,1,0
BRDA:861,108,0,0
BRDA:861,108,1,0
BRDA:861,109,0,0
BRDA:861,109,1,0
BRDA:868,110,0,0
BRDA:868,110,1,0
BRDA:868,111,0,0
BRDA:868,111,1,0
BRDA:874,112,0,0
BRDA:874,112,1,0
BRDA:874,113,0,0
BRDA:874,113,1,0
BRDA:880,114,0,0
BRDA:880,114,1,0
BRDA:880,115,0,0
BRDA:880,115,1,0
BRDA:892,116,0,0
BRDA:892,116,1,0
BRDA:901,117,0,0
BRDA:901,117,1,0
BRDA:904,118,0,0
BRDA:904,118,1,0
BRDA:904,119,0,0
BRDA:904,119,1,0
BRF:253
BRH:72
end_of_record
TN:
SF:C:\Users\Steve_Revature\my_git_repos\Batch_Projects\BAM-Phoenix\BAMPhoenix\BAM\src\main\webapp\static\controller\curriculumController.js
FN:2,(anonymous_1)
FN:18,(anonymous_2)
FN:58,(anonymous_3)
FN:87,(anonymous_4)
FN:144,(anonymous_5)
FN:154,(anonymous_6)
FN:161,(anonymous_7)
FN:173,(anonymous_8)
FN:192,(anonymous_9)
FN:202,(anonymous_10)
FN:260,(anonymous_11)
FN:268,(anonymous_12)
FN:294,(anonymous_13)
FN:301,(anonymous_14)
FN:348,(anonymous_15)
FN:363,(anonymous_16)
FN:371,(anonymous_17)
FN:401,(anonymous_18)
FN:419,(anonymous_19)
FN:430,(anonymous_20)
FN:440,(anonymous_21)
FN:442,(anonymous_22)
FN:448,(anonymous_23)
FN:452,(anonymous_24)
FN:461,(anonymous_25)
FN:525,(anonymous_26)
FN:563,(anonymous_27)
FN:573,(anonymous_28)
FN:584,(anonymous_29)
FN:639,(anonymous_30)
FN:663,(anonymous_31)
FN:668,(anonymous_32)
FN:707,(anonymous_33)
FN:760,(anonymous_34)
FN:766,(anonymous_35)
FN:778,(anonymous_36)
FNF:36
FNH:9
FNDA:0,(anonymous_1)
FNDA:7,(anonymous_2)
FNDA:0,(anonymous_3)
FNDA:0,(anonymous_4)
FNDA:2,(anonymous_5)
FNDA:0,(anonymous_6)
FNDA:1,(anonymous_7)
FNDA:3,(anonymous_8)
FNDA:0,(anonymous_9)
FNDA:2,(anonymous_10)
FNDA:0,(anonymous_11)
FNDA:0,(anonymous_12)
FNDA:0,(anonymous_13)
FNDA:0,(anonymous_14)
FNDA:1,(anonymous_15)
FNDA:1,(anonymous_16)
FNDA:1,(anonymous_17)
FNDA:0,(anonymous_18)
FNDA:0,(anonymous_19)
FNDA:0,(anonymous_20)
FNDA:0,(anonymous_21)
FNDA:0,(anonymous_22)
FNDA:0,(anonymous_23)
FNDA:0,(anonymous_24)
FNDA:0,(anonymous_25)
FNDA:0,(anonymous_26)
FNDA:0,(anonymous_27)
FNDA:0,(anonymous_28)
FNDA:0,(anonymous_29)
FNDA:0,(anonymous_30)
FNDA:7,(anonymous_31)
FNDA:0,(anonymous_32)
FNDA:0,(anonymous_33)
FNDA:0,(anonymous_34)
FNDA:0,(anonymous_35)
FNDA:0,(anonymous_36)
DA:2,1
DA:3,0
DA:4,0
DA:5,0
DA:8,0
DA:9,0
DA:16,1
DA:20,7
DA:23,7
DA:26,7
DA:29,7
DA:32,7
DA:41,7
DA:48,7
DA:51,7
DA:52,7
DA:58,7
DA:59,0
DA:61,0
DA:62,0
DA:63,0
DA:64,0
DA:65,0
DA:70,0
DA:74,0
DA:81,7
DA:82,7
DA:87,7
DA:90,0
DA:91,0
DA:92,0
DA:93,0
DA:96,0
DA:97,0
DA:98,0
DA:101,0
DA:103,0
DA:104,0
DA:105,0
DA:107,0
DA:108,0
DA:109,0
DA:111,0
DA:112,0
DA:113,0
DA:114,0
DA:116,0
DA:117,0
DA:118,0
DA:120,0
DA:121,0
DA:122,0
DA:123,0
DA:125,0
DA:126,0
DA:128,0
DA:129,0
DA:132,0
DA:136,0
DA:144,7
DA:145,2
DA:147,2
DA:149,2
DA:151,2
DA:154,7
DA:155,0
DA:156,0
DA:157,0
DA:161,7
DA:162,1
DA:163,1
DA:164,1
DA:165,1
DA:166,1
DA:167,1
DA:168,1
DA:173,7
DA:174,3
DA:175,3
DA:176,1
DA:179,1
DA:183,1
DA:184,0
DA:192,7
DA:193,0
DA:194,0
DA:195,0
DA:196,0
DA:197,0
DA:202,7
DA:204,2
DA:206,2
DA:208,2
DA:211,1
DA:212,1
DA:215,1
DA:216,1
DA:217,1
DA:218,5
DA:219,5
DA:220,0
DA:222,0
DA:223,0
DA:224,0
DA:225,0
DA:226,0
DA:227,0
DA:228,0
DA:231,0
DA:232,0
DA:233,0
DA:237,1
DA:238,1
DA:240,1
DA:241,0
DA:242,0
DA:243,0
DA:245,0
DA:246,0
DA:247,0
DA:251,0
DA:260,7
DA:262,0
DA:269,0
DA:271,0
DA:272,0
DA:284,0
DA:285,0
DA:286,0
DA:288,0
DA:294,7
DA:296,0
DA:302,0
DA:303,0
DA:304,0
DA:306,0
DA:307,0
DA:309,0
DA:310,0
DA:322,0
DA:323,0
DA:324,0
DA:325,0
DA:326,0
DA:327,0
DA:331,0
DA:332,0
DA:348,7
DA:349,1
DA:358,1
DA:359,1
DA:360,1
DA:363,7
DA:364,1
DA:365,1
DA:366,1
DA:367,1
DA:371,7
DA:373,1
DA:375,1
DA:385,1
DA:386,0
DA:387,0
DA:388,0
DA:389,0
DA:393,1
DA:401,7
DA:402,0
DA:403,0
DA:405,0
DA:408,0
DA:410,0
DA:411,0
DA:412,0
DA:414,0
DA:418,0
DA:422,0
DA:424,0
DA:425,0
DA:426,0
DA:435,0
DA:436,0
DA:440,7
DA:441,0
DA:443,0
DA:444,0
DA:445,0
DA:450,0
DA:454,0
DA:461,7
DA:462,0
DA:464,0
DA:466,0
DA:467,0
DA:469,0
DA:470,0
DA:471,0
DA:473,0
DA:477,0
DA:479,0
DA:499,0
DA:502,0
DA:507,0
DA:508,0
DA:509,0
DA:511,0
DA:512,0
DA:513,0
DA:515,0
DA:518,0
DA:519,0
DA:522,0
DA:525,7
DA:527,0
DA:528,0
DA:529,0
DA:530,0
DA:532,0
DA:537,0
DA:538,0
DA:542,0
DA:548,0
DA:555,0
DA:564,0
DA:565,0
DA:570,0
DA:573,7
DA:574,0
DA:575,0
DA:577,0
DA:586,0
DA:589,0
DA:590,0
DA:593,0
DA:595,0
DA:597,0
DA:599,0
DA:600,0
DA:604,0
DA:607,0
DA:608,0
DA:609,0
DA:610,0
DA:615,0
DA:616,0
DA:617,0
DA:618,0
DA:624,0
DA:625,0
DA:628,0
DA:632,0
DA:639,7
DA:640,0
DA:641,0
DA:642,0
DA:643,0
DA:644,0
DA:645,0
DA:646,0
DA:647,0
DA:648,0
DA:663,7
DA:664,7
DA:669,0
DA:670,0
DA:671,0
DA:674,0
DA:676,0
DA:678,0
DA:680,0
DA:682,0
DA:684,0
DA:685,0
DA:686,0
DA:691,0
DA:692,0
DA:697,0
DA:698,0
DA:702,0
DA:707,7
DA:708,0
DA:710,0
DA:711,0
DA:712,0
DA:719,0
DA:722,0
DA:723,0
DA:726,0
DA:738,0
DA:743,0
DA:744,0
DA:760,7
DA:764,0
DA:771,0
DA:772,0
DA:773,0
DA:774,0
DA:775,0
DA:776,0
DA:777,0
DA:780,0
DA:781,0
DA:782,0
DA:784,0
DA:785,0
DA:786,0
DA:787,0
DA:796,0
LF:308
LH:77
BRDA:3,1,0,0
BRDA:3,1,1,0
BRDA:103,2,0,0
BRDA:103,2,1,0
BRDA:112,3,0,0
BRDA:112,3,1,0
BRDA:121,4,0,0
BRDA:121,4,1,0
BRDA:145,5,0,2
BRDA:145,5,1,0
BRDA:166,6,0,0
BRDA:166,6,1,1
BRDA:167,7,0,0
BRDA:167,7,1,1
BRDA:196,8,0,0
BRDA:196,8,1,0
BRDA:204,9,0,2
BRDA:204,9,1,0
BRDA:208,10,0,1
BRDA:208,10,1,1
BRDA:224,11,0,0
BRDA:224,11,1,0
BRDA:231,12,0,0
BRDA:231,12,1,0
BRDA:238,13,0,1
BRDA:238,13,1,0
BRDA:324,14,0,0
BRDA:324,14,1,0
BRDA:326,15,0,0
BRDA:326,15,1,0
BRDA:364,16,0,1
BRDA:364,16,1,0
BRDA:373,17,0,1
BRDA:373,17,1,0
BRDA:386,18,0,0
BRDA:386,18,1,0
BRDA:402,19,0,0
BRDA:402,19,1,0
BRDA:402,20,0,0
BRDA:402,20,1,0
BRDA:403,21,0,0
BRDA:403,21,1,0
BRDA:408,22,0,0
BRDA:408,22,1,0
BRDA:411,23,0,0
BRDA:411,23,1,0
BRDA:411,24,0,0
BRDA:411,24,1,0
BRDA:425,25,0,0
BRDA:425,25,1,0
BRDA:464,26,0,0
BRDA:464,26,1,0
BRDA:464,27,0,0
BRDA:464,27,1,0
BRDA:464,27,2,0
BRDA:467,28,0,0
BRDA:467,28,1,0
BRDA:470,29,0,0
BRDA:470,29,1,0
BRDA:477,30,0,0
BRDA:477,30,1,0
BRDA:512,31,0,0
BRDA:512,31,1,0
BRDA:529,32,0,0
BRDA:529,32,1,0
BRDA:537,33,0,0
BRDA:537,33,1,0
BRDA:564,34,0,0
BRDA:564,34,1,0
BRDA:575,35,0,0
BRDA:575,35,1,0
BRDA:597,36,0,0
BRDA:597,36,1,0
BRDA:615,37,0,0
BRDA:615,37,1,0
BRDA:640,38,0,0
BRDA:640,38,1,0
BRDA:642,39,0,0
BRDA:642,39,1,0
BRDA:645,40,0,0
BRDA:645,40,1,0
BRDA:669,41,0,0
BRDA:669,41,1,0
BRDA:682,42,0,0
BRDA:682,42,1,0
BRDA:682,43,0,0
BRDA:682,43,1,0
BRDA:682,43,2,0
BRDA:691,44,0,0
BRDA:691,44,1,0
BRDA:708,45,0,0
BRDA:708,45,1,0
BRDA:711,46,0,0
BRDA:711,46,1,0
BRDA:775,47,0,0
BRDA:775,47,1,0
BRDA:781,48,0,0
BRDA:781,48,1,0
BRDA:784,49,0,0
BRDA:784,49,1,0
BRDA:784,50,0,0
BRDA:784,50,1,0
BRF:102
BRH:9
end_of_record
TN:
SF:C:\Users\Steve_Revature\my_git_repos\Batch_Projects\BAM-Phoenix\BAMPhoenix\BAM\src\main\webapp\static\controller\dashboardController.js
FN:6,(anonymous_1)
FN:8,(anonymous_2)
FN:21,(anonymous_3)
FN:25,(anonymous_4)
FN:46,(anonymous_5)
FN:53,(anonymous_6)
FN:74,(anonymous_7)
FN:81,(anonymous_8)
FN:99,(anonymous_9)
FN:150,weeksBetween
FN:168,(anonymous_11)
FN:214,weeksBetween2
FN:228,(anonymous_13)
FN:290,(anonymous_14)
FN:318,(anonymous_15)
FN:437,(anonymous_16)
FN:452,(anonymous_17)
FN:458,success
FN:480,(anonymous_19)
FN:485,(anonymous_20)
FNF:20
FNH:2
FNDA:2,(anonymous_1)
FNDA:0,(anonymous_2)
FNDA:0,(anonymous_3)
FNDA:0,(anonymous_4)
FNDA:0,(anonymous_5)
FNDA:0,(anonymous_6)
FNDA:0,(anonymous_7)
FNDA:0,(anonymous_8)
FNDA:0,(anonymous_9)
FNDA:0,weeksBetween
FNDA:0,(anonymous_11)
FNDA:0,weeksBetween2
FNDA:0,(anonymous_13)
FNDA:0,(anonymous_14)
FNDA:0,(anonymous_15)
FNDA:0,(anonymous_16)
FNDA:1,(anonymous_17)
FNDA:0,success
FNDA:0,(anonymous_19)
FNDA:0,(anonymous_20)
DA:6,1
DA:7,2
DA:8,2
DA:9,0
DA:10,0
DA:11,0
DA:15,2
DA:21,2
DA:22,0
DA:26,0
DA:27,0
DA:28,0
DA:30,0
DA:31,0
DA:32,0
DA:33,0
DA:34,0
DA:35,0
DA:36,0
DA:37,0
DA:38,0
DA:39,0
DA:40,0
DA:42,0
DA:47,0
DA:48,0
DA:49,0
DA:50,0
DA:51,0
DA:52,0
DA:54,0
DA:55,0
DA:57,0
DA:58,0
DA:59,0
DA:60,0
DA:62,0
DA:63,0
DA:65,0
DA:66,0
DA:67,0
DA:68,0
DA:69,0
DA:71,0
DA:75,0
DA:79,0
DA:82,0
DA:89,2
DA:91,2
DA:92,2
DA:93,2
DA:99,2
DA:103,0
DA:104,0
DA:105,0
DA:107,0
DA:108,0
DA:109,0
DA:112,0
DA:115,0
DA:116,0
DA:119,0
DA:120,0
DA:121,0
DA:123,0
DA:124,0
DA:129,0
DA:130,0
DA:131,0
DA:133,0
DA:134,0
DA:136,0
DA:140,0
DA:141,0
DA:142,0
DA:143,0
DA:144,0
DA:146,0
DA:147,0
DA:150,1
DA:151,0
DA:154,0
DA:155,0
DA:158,0
DA:159,0
DA:160,0
DA:162,0
DA:169,0
DA:170,0
DA:172,0
DA:173,0
DA:174,0
DA:175,0
DA:176,0
DA:178,0
DA:179,0
DA:181,0
DA:183,0
DA:190,0
DA:191,0
DA:196,0
DA:197,0
DA:199,0
DA:200,0
DA:202,0
DA:205,0
DA:206,0
DA:207,0
DA:208,0
DA:214,1
DA:215,0
DA:218,0
DA:220,0
DA:222,0
DA:229,0
DA:231,0
DA:233,0
DA:234,0
DA:236,0
DA:238,0
DA:239,0
DA:241,0
DA:242,0
DA:243,0
DA:245,0
DA:247,0
DA:252,0
DA:254,0
DA:255,0
DA:260,0
DA:261,0
DA:262,0
DA:263,0
DA:264,0
DA:265,0
DA:267,0
DA:268,0
DA:269,0
DA:270,0
DA:271,0
DA:272,0
DA:273,0
DA:281,2
DA:290,2
DA:291,0
DA:292,0
DA:293,0
DA:294,0
DA:295,0
DA:296,0
DA:297,0
DA:298,0
DA:299,0
DA:300,0
DA:301,0
DA:302,0
DA:308,0
DA:309,0
DA:311,0
DA:314,0
DA:315,0
DA:319,0
DA:320,0
DA:321,0
DA:325,0
DA:326,0
DA:328,0
DA:329,0
DA:331,0
DA:332,0
DA:334,0
DA:335,0
DA:337,0
DA:338,0
DA:342,0
DA:345,0
DA:352,0
DA:353,0
DA:356,0
DA:357,0
DA:358,0
DA:359,0
DA:361,0
DA:362,0
DA:363,0
DA:366,0
DA:367,0
DA:371,0
DA:372,0
DA:373,0
DA:374,0
DA:377,0
DA:378,0
DA:384,0
DA:385,0
DA:386,0
DA:387,0
DA:388,0
DA:390,0
DA:391,0
DA:393,0
DA:394,0
DA:395,0
DA:399,0
DA:400,0
DA:401,0
DA:403,0
DA:404,0
DA:405,0
DA:407,0
DA:408,0
DA:409,0
DA:410,0
DA:411,0
DA:413,0
DA:415,0
DA:416,0
DA:418,0
DA:422,0
DA:423,0
DA:424,0
DA:425,0
DA:427,0
DA:429,0
DA:430,0
DA:432,0
DA:438,0
DA:448,2
DA:449,2
DA:450,2
DA:452,2
DA:454,1
DA:459,0
DA:461,0
DA:463,0
DA:464,0
DA:465,0
DA:466,0
DA:467,0
DA:469,0
DA:470,0
DA:472,0
DA:473,0
DA:475,0
DA:480,0
DA:481,0
DA:482,0
DA:483,0
DA:485,0
DA:487,0
DA:489,0
DA:494,0
DA:495,0
DA:496,0
DA:498,0
DA:499,0
DA:501,0
DA:503,0
DA:505,0
DA:506,0
DA:508,0
DA:509,0
DA:511,0
DA:516,0
DA:517,0
DA:518,0
LF:266
LH:19
BRDA:9,1,0,0
BRDA:9,1,1,0
BRDA:30,2,0,0
BRDA:30,2,1,0
BRDA:37,3,0,0
BRDA:37,3,1,0
BRDA:57,4,0,0
BRDA:57,4,1,0
BRDA:62,5,0,0
BRDA:62,5,1,0
BRDA:103,6,0,0
BRDA:103,6,1,0
BRDA:107,7,0,0
BRDA:107,7,1,0
BRDA:115,8,0,0
BRDA:115,8,1,0
BRDA:123,9,0,0
BRDA:123,9,1,0
BRDA:129,10,0,0
BRDA:129,10,1,0
BRDA:140,11,0,0
BRDA:140,11,1,0
BRDA:142,12,0,0
BRDA:142,12,1,0
BRDA:142,13,0,0
BRDA:142,13,1,0
BRDA:190,14,0,0
BRDA:190,14,1,0
BRDA:205,15,0,0
BRDA:205,15,1,0
BRDA:241,16,0,0
BRDA:241,16,1,0
BRDA:267,17,0,0
BRDA:267,17,1,0
BRDA:267,18,0,0
BRDA:267,18,1,0
BRDA:292,19,0,0
BRDA:292,19,1,0
BRDA:294,20,0,0
BRDA:294,20,1,0
BRDA:294,21,0,0
BRDA:294,21,1,0
BRDA:294,21,2,0
BRDA:296,22,0,0
BRDA:296,22,1,0
BRDA:296,23,0,0
BRDA:296,23,1,0
BRDA:297,24,0,0
BRDA:297,24,1,0
BRDA:297,25,0,0
BRDA:297,25,1,0
BRDA:300,26,0,0
BRDA:300,26,1,0
BRDA:308,27,0,0
BRDA:308,27,1,0
BRDA:308,28,0,0
BRDA:308,28,1,0
BRDA:314,29,0,0
BRDA:314,29,1,0
BRDA:328,30,0,0
BRDA:328,30,1,0
BRDA:331,31,0,0
BRDA:331,31,1,0
BRDA:331,32,0,0
BRDA:331,32,1,0
BRDA:334,33,0,0
BRDA:334,33,1,0
BRDA:337,34,0,0
BRDA:337,34,1,0
BRDA:337,35,0,0
BRDA:337,35,1,0
BRDA:356,36,0,0
BRDA:356,36,1,0
BRDA:357,37,0,0
BRDA:357,37,1,0
BRDA:362,38,0,0
BRDA:362,38,1,0
BRDA:366,39,0,0
BRDA:366,39,1,0
BRDA:373,40,0,0
BRDA:373,40,1,0
BRDA:377,41,0,0
BRDA:377,41,1,0
BRDA:403,42,0,0
BRDA:403,42,1,0
BRDA:404,43,0,0
BRDA:404,43,1,0
BRDA:408,44,0,0
BRDA:408,44,1,0
BRDA:422,45,0,0
BRDA:422,45,1,0
BRDA:422,46,0,0
BRDA:422,46,1,0
BRDA:463,47,0,0
BRDA:463,47,1,0
BRDA:464,48,0,0
BRDA:464,48,1,0
BRDA:464,49,0,0
BRDA:464,49,1,0
BRDA:489,50,0,0
BRDA:489,50,1,0
BRDA:494,51,0,0
BRDA:494,51,1,0
BRDA:503,52,0,0
BRDA:503,52,1,0
BRF:105
BRH:0
end_of_record
TN:
SF:C:\Users\Steve_Revature\my_git_repos\Batch_Projects\BAM-Phoenix\BAMPhoenix\BAM\src\main\webapp\static\controller\moment.js
FN:17,(anonymous_1)
FN:22,(anonymous_2)
FN:23,(anonymous_3)
FN:32,(anonymous_4)
FN:41,(anonymous_5)
FN:59,(anonymous_6)
FN:70,(anonymous_7)
FN:74,(anonymous_8)
FN:79,(anonymous_9)
FN:85,(anonymous_10)
FN:107,(anonymous_11)
FN:110,(anonymous_12)
FN:112,(anonymous_13)
FN:127,(anonymous_14)
FN:129,(anonymous_15)
FN:136,(anonymous_16)
FN:146,(anonymous_17)
FN:175,(anonymous_18)
FN:176,(anonymous_19)
FN:190,(anonymous_20)
FN:196,(anonymous_21)
FN:205,(anonymous_22)
FN:208,(anonymous_23)
FN:211,(anonymous_24)
FN:233,(anonymous_25)
FN:242,(anonymous_26)
FN:250,getOptions
FN:271,(anonymous_28)
FN:282,(anonymous_29)
FN:292,(anonymous_30)
FN:296,(anonymous_31)
FN:307,(anonymous_32)
FN:314,(anonymous_33)
FN:321,(anonymous_34)
FN:327,(anonymous_35)
FN:333,(anonymous_36)
FN:345,(anonymous_37)
FN:353,(anonymous_38)
FNF:38
FNH:0
FNDA:0,(anonymous_1)
FNDA:0,(anonymous_2)
FNDA:0,(anonymous_3)
FNDA:0,(anonymous_4)
FNDA:0,(anonymous_5)
FNDA:0,(anonymous_6)
FNDA:0,(anonymous_7)
FNDA:0,(anonymous_8)
FNDA:0,(anonymous_9)
FNDA:0,(anonymous_10)
FNDA:0,(anonymous_11)
FNDA:0,(anonymous_12)
FNDA:0,(anonymous_13)
FNDA:0,(anonymous_14)
FNDA:0,(anonymous_15)
FNDA:0,(anonymous_16)
FNDA:0,(anonymous_17)
FNDA:0,(anonymous_18)
FNDA:0,(anonymous_19)
FNDA:0,(anonymous_20)
FNDA:0,(anonymous_21)
FNDA:0,(anonymous_22)
FNDA:0,(anonymous_23)
FNDA:0,(anonymous_24)
FNDA:0,(anonymous_25)
FNDA:0,(anonymous_26)
FNDA:0,getOptions
FNDA:0,(anonymous_28)
FNDA:0,(anonymous_29)
FNDA:0,(anonymous_30)
FNDA:0,(anonymous_31)
FNDA:0,(anonymous_32)
FNDA:0,(anonymous_33)
FNDA:0,(anonymous_34)
FNDA:0,(anonymous_35)
FNDA:0,(anonymous_36)
FNDA:0,(anonymous_37)
FNDA:0,(anonymous_38)
DA:11,1
DA:19,0
DA:20,0
DA:22,0
DA:23,0
DA:25,0
DA:26,0
DA:29,0
DA:30,0
DA:31,0
DA:33,0
DA:39,0
DA:41,0
DA:42,0
DA:43,0
DA:46,0
DA:49,0
DA:50,0
DA:53,0
DA:56,0
DA:57,0
DA:59,0
DA:60,0
DA:61,0
DA:63,0
DA:64,0
DA:66,0
DA:70,0
DA:71,0
DA:75,0
DA:76,0
DA:77,0
DA:78,0
DA:80,0
DA:84,0
DA:86,0
DA:90,0
DA:92,0
DA:107,0
DA:108,0
DA:110,0
DA:111,0
DA:113,0
DA:114,0
DA:115,0
DA:116,0
DA:127,0
DA:128,0
DA:130,0
DA:131,0
DA:135,0
DA:137,0
DA:143,0
DA:146,0
DA:147,0
DA:148,0
DA:149,0
DA:150,0
DA:151,0
DA:152,0
DA:153,0
DA:154,0
DA:155,0
DA:157,0
DA:158,0
DA:160,0
DA:161,0
DA:165,0
DA:166,0
DA:167,0
DA:168,0
DA:169,0
DA:174,0
DA:176,0
DA:177,0
DA:178,0
DA:179,0
DA:187,0
DA:190,0
DA:191,0
DA:193,0
DA:194,0
DA:196,0
DA:197,0
DA:198,0
DA:202,0
DA:205,0
DA:206,0
DA:208,0
DA:210,0
DA:212,0
DA:213,0
DA:219,0
DA:220,0
DA:228,0
DA:235,0
DA:243,0
DA:244,0
DA:245,0
DA:246,0
DA:247,0
DA:248,0
DA:250,1
DA:251,0
DA:252,0
DA:253,0
DA:254,0
DA:255,0
DA:258,0
DA:260,0
DA:262,0
DA:263,0
DA:264,0
DA:265,0
DA:268,0
DA:271,0
DA:272,0
DA:273,0
DA:275,0
DA:276,0
DA:278,0
DA:282,0
DA:283,0
DA:284,0
DA:286,0
DA:287,0
DA:288,0
DA:292,0
DA:293,0
DA:296,0
DA:297,0
DA:298,0
DA:299,0
DA:300,0
DA:302,0
DA:303,0
DA:307,0
DA:308,0
DA:309,0
DA:310,0
DA:314,0
DA:315,0
DA:316,0
DA:317,0
DA:321,0
DA:322,0
DA:323,0
DA:327,0
DA:328,0
DA:329,0
DA:333,0
DA:334,0
DA:335,0
DA:336,0
DA:337,0
DA:338,0
DA:339,0
DA:344,0
DA:345,0
DA:346,0
DA:347,0
DA:349,0
DA:353,0
DA:354,0
DA:355,0
DA:356,0
DA:357,0
DA:358,0
LF:168
LH:2
BRDA:20,1,0,0
BRDA:20,1,1,0
BRDA:25,2,0,0
BRDA:25,2,1,0
BRDA:42,3,0,0
BRDA:42,3,1,0
BRDA:46,4,0,0
BRDA:46,4,1,0
BRDA:49,5,0,0
BRDA:49,5,1,0
BRDA:49,6,0,0
BRDA:49,6,1,0
BRDA:50,7,0,0
BRDA:50,7,1,0
BRDA:50,8,0,0
BRDA:50,8,1,0
BRDA:53,9,0,0
BRDA:53,9,1,0
BRDA:53,10,0,0
BRDA:53,10,1,0
BRDA:53,11,0,0
BRDA:53,11,1,0
BRDA:53,12,0,0
BRDA:53,12,1,0
BRDA:53,13,0,0
BRDA:53,13,1,0
BRDA:60,14,0,0
BRDA:60,14,1,0
BRDA:61,15,0,0
BRDA:61,15,1,0
BRDA:63,16,0,0
BRDA:63,16,1,0
BRDA:64,17,0,0
BRDA:64,17,1,0
BRDA:73,18,0,0
BRDA:73,18,1,0
BRDA:75,19,0,0
BRDA:75,19,1,0
BRDA:77,20,0,0
BRDA:77,20,1,0
BRDA:77,21,0,0
BRDA:77,21,1,0
BRDA:80,22,0,0
BRDA:80,22,1,0
BRDA:111,23,0,0
BRDA:111,23,1,0
BRDA:111,24,0,0
BRDA:111,24,1,0
BRDA:128,25,0,0
BRDA:128,25,1,0
BRDA:135,26,0,0
BRDA:135,26,1,0
BRDA:157,27,0,0
BRDA:157,27,1,0
BRDA:168,28,0,0
BRDA:168,28,1,0
BRDA:177,29,0,0
BRDA:177,29,1,0
BRDA:178,30,0,0
BRDA:178,30,1,0
BRDA:197,31,0,0
BRDA:197,31,1,0
BRDA:206,32,0,0
BRDA:206,32,1,0
BRDA:206,33,0,0
BRDA:206,33,1,0
BRDA:206,33,2,0
BRDA:251,34,0,0
BRDA:251,34,1,0
BRDA:264,35,0,0
BRDA:264,35,1,0
BRDA:272,36,0,0
BRDA:272,36,1,0
BRDA:272,37,0,0
BRDA:272,37,1,0
BRDA:275,38,0,0
BRDA:275,38,1,0
BRDA:283,39,0,0
BRDA:283,39,1,0
BRDA:287,40,0,0
BRDA:287,40,1,0
BRDA:297,41,0,0
BRDA:297,41,1,0
BRDA:297,42,0,0
BRDA:297,42,1,0
BRDA:299,43,0,0
BRDA:299,43,1,0
BRDA:308,44,0,0
BRDA:308,44,1,0
BRDA:308,45,0,0
BRDA:308,45,1,0
BRDA:315,46,0,0
BRDA:315,46,1,0
BRDA:315,47,0,0
BRDA:315,47,1,0
BRDA:322,48,0,0
BRDA:322,48,1,0
BRDA:322,49,0,0
BRDA:322,49,1,0
BRDA:328,50,0,0
BRDA:328,50,1,0
BRDA:328,51,0,0
BRDA:328,51,1,0
BRDA:334,52,0,0
BRDA:334,52,1,0
BRDA:334,53,0,0
BRDA:334,53,1,0
BRDA:346,54,0,0
BRDA:346,54,1,0
BRDA:354,55,0,0
BRDA:354,55,1,0
BRDA:357,56,0,0
BRDA:357,56,1,0
BRDA:357,57,0,0
BRDA:357,57,1,0
BRF:115
BRH:0
end_of_record
TN:
SF:C:\Users\Steve_Revature\my_git_repos\Batch_Projects\BAM-Phoenix\BAMPhoenix\BAM\src\main\webapp\static\controller\myBatchesController.js
FN:4,(anonymous_1)
FN:8,(anonymous_2)
FN:15,success
FN:23,error
FN:29,(anonymous_5)
FN:38,success
FN:44,error
FNF:7
FNH:0
FNDA:0,(anonymous_1)
FNDA:0,(anonymous_2)
FNDA:0,success
FNDA:0,error
FNDA:0,(anonymous_5)
FNDA:0,success
FNDA:0,error
DA:4,1
DA:6,0
DA:8,0
DA:9,0
DA:10,0
DA:16,0
DA:17,0
DA:18,0
DA:19,0
DA:20,0
DA:22,0
DA:24,0
DA:25,0
DA:29,0
DA:30,0
DA:31,0
DA:32,0
DA:39,0
DA:40,0
DA:41,0
DA:42,0
DA:45,0
DA:46,0
DA:47,0
DA:48,0
DA:52,0
LF:26
LH:1
BRF:0
BRH:0
end_of_record
TN:
SF:C:\Users\Steve_Revature\my_git_repos\Batch_Projects\BAM-Phoenix\BAMPhoenix\BAM\src\main\webapp\static\controller\navController.js
FN:1,(anonymous_1)
FN:7,(anonymous_2)
FN:21,(anonymous_3)
FN:30,(anonymous_4)
FNF:4
FNH:4
FNDA:10,(anonymous_1)
FNDA:6,(anonymous_2)
FNDA:11,(anonymous_3)
FNDA:1,(anonymous_4)
DA:1,1
DA:4,10
DA:5,10
DA:7,10
DA:8,6
DA:9,6
DA:11,6
DA:12,6
DA:15,6
DA:21,10
DA:22,11
DA:23,11
DA:24,4
DA:28,10
DA:30,10
DA:31,1
DA:32,1
LF:17
LH:17
BRDA:11,1,0,6
BRDA:11,1,1,0
BRDA:12,2,0,6
BRDA:12,2,1,0
BRDA:12,3,0,6
BRDA:12,3,1,5
BRDA:12,3,2,4
BRDA:12,3,3,3
BRDA:12,3,4,2
BRDA:12,3,5,1
BRDA:23,4,0,4
BRDA:23,4,1,7
BRF:12
BRH:10
end_of_record
TN:
SF:C:\Users\Steve_Revature\my_git_repos\Batch_Projects\BAM-Phoenix\BAMPhoenix\BAM\src\main\webapp\static\controller\noBatchController.js
FN:5,(anonymous_1)
FNF:1
FNH:0
FNDA:0,(anonymous_1)
DA:5,1
DA:6,0
LF:2
LH:1
BRF:0
BRH:0
end_of_record
TN:
SF:C:\Users\Steve_Revature\my_git_repos\Batch_Projects\BAM-Phoenix\BAMPhoenix\BAM\src\main\webapp\static\controller\subtopicAddController.js
FN:5,(anonymous_1)
FN:27,(anonymous_2)
FN:29,(anonymous_3)
FN:35,(anonymous_4)
FN:39,(anonymous_5)
FN:73,(anonymous_6)
FN:98,(anonymous_7)
FN:113,(anonymous_8)
FN:144,(anonymous_9)
FN:187,success
FN:191,error
FNF:11
FNH:3
FNDA:2,(anonymous_1)
FNDA:0,(anonymous_2)
FNDA:1,(anonymous_3)
FNDA:3,(anonymous_4)
FNDA:0,(anonymous_5)
FNDA:0,(anonymous_6)
FNDA:0,(anonymous_7)
FNDA:0,(anonymous_8)
FNDA:0,(anonymous_9)
FNDA:0,success
FNDA:0,error
DA:5,1
DA:8,2
DA:9,2
DA:10,2
DA:11,2
DA:14,0
DA:15,0
DA:19,2
DA:21,2
DA:28,0
DA:30,1
DA:31,1
DA:35,2
DA:36,3
DA:40,0
DA:41,0
DA:42,0
DA:44,0
DA:45,0
DA:46,0
DA:47,0
DA:49,0
DA:50,0
DA:51,0
DA:53,0
DA:54,0
DA:55,0
DA:56,0
DA:60,0
DA:61,0
DA:64,0
DA:66,0
DA:67,0
DA:69,0
DA:73,0
DA:74,0
DA:75,0
DA:77,0
DA:79,0
DA:81,0
DA:82,0
DA:83,0
DA:84,0
DA:87,0
DA:89,0
DA:90,0
DA:91,0
DA:92,0
DA:98,0
DA:99,0
DA:100,0
DA:102,0
DA:103,0
DA:104,0
DA:105,0
DA:113,0
DA:114,0
DA:115,0
DA:116,0
DA:117,0
DA:120,0
DA:121,0
DA:124,0
DA:127,0
DA:130,0
DA:140,2
DA:144,2
DA:146,0
DA:151,0
DA:156,0
DA:163,0
DA:165,0
DA:170,0
DA:180,0
DA:182,0
DA:188,0
DA:189,0
DA:190,0
DA:192,0
DA:193,0
LF:80
LH:13
BRDA:9,1,0,2
BRDA:9,1,1,0
BRDA:19,2,0,2
BRDA:19,2,1,0
BRDA:46,3,0,0
BRDA:46,3,1,0
BRDA:90,4,0,0
BRDA:90,4,1,0
BRDA:103,5,0,0
BRDA:103,5,1,0
BRDA:124,6,0,0
BRDA:124,6,1,0
BRDA:124,7,0,0
BRDA:124,7,1,0
BRF:14
BRH:2
end_of_record
